Build started 6/19/2010 2:13:39 AM.
Project "C:\Users\Andre\documents\visual studio 2010\Projects\EpisodeNameReplacer\EpisodeNameReplacer\EpisodeNameReplacer.vcxproj" on node 16 (build target(s)).
_PrepareForBuild:
  Creating "Debug\EpisodeNameReplacer.unsuccessfulbuild" because "AlwaysCreate" was specified.
ClCompile:
  All outputs are up-to-date.
  C:\Program Files\Microsoft Visual Studio 10.0\VC\bin\CL.exe /c /ZI /nologo /W3 /WX- /Od /Oy- /D WIN32 /D _WINDOWS /D _DEBUG /D _UNICODE /D UNICODE /Gm /EHsc /RTC1 /MTd /GS /fp:precise /Zc:wchar_t /Zc:forScope /Yu"StdAfx.h" /Fp"Debug\EpisodeNameReplacer.pch" /Fo"Debug\\" /Fd"Debug\vc100.pdb" /Gd /TP /analyze- /errorReport:prompt EpisodeNameReplacerDlg.cpp
  EpisodeNameReplacerDlg.cpp
ResourceCompile:
  All outputs are up-to-date.
ManifestResourceCompile:
  All outputs are up-to-date.
Link:
  C:\Program Files\Microsoft Visual Studio 10.0\VC\bin\link.exe /ERRORREPORT:PROMPT /OUT:"C:\Users\Andre\documents\visual studio 2010\Projects\EpisodeNameReplacer\Debug\EpisodeNameReplacer.exe" /INCREMENTAL /NOLOGO /MANIFEST /ManifestFile:"Debug\EpisodeNameReplacer.exe.intermediate.manifest" /MANIFESTUAC:"level='asInvoker' uiAccess='false'" /DEBUG /PDB:"C:\Users\Andre\documents\visual studio 2010\Projects\EpisodeNameReplacer\Debug\EpisodeNameReplacer.pdb" /SUBSYSTEM:WINDOWS /TLBID:1 /ENTRY:"wWinMainCRTStartup" /DYNAMICBASE /NXCOMPAT /IMPLIB:"C:\Users\Andre\documents\visual studio 2010\Projects\EpisodeNameReplacer\Debug\EpisodeNameReplacer.lib" /MACHINE:X86 Debug\EpisodeNameReplacer.res
  Debug\EpisodeNameReplacer.obj
  Debug\EpisodeNameReplacerDlg.obj
  Debug\stdafx.obj
  Debug\XMLParser.obj
  Debug\EpisodeNameReplacer.exe.embed.manifest.res
Manifest:
  C:\Program Files\Microsoft SDKs\Windows\v7.0A\bin\mt.exe /nologo /verbose /out:"Debug\EpisodeNameReplacer.exe.embed.manifest" /manifest Debug\EpisodeNameReplacer.exe.intermediate.manifest "C:\Program Files\Microsoft Visual Studio 10.0\VC\Include\Manifest\dpiaware.manifest"
  C:\Program Files\Microsoft SDKs\Windows\v7.0A\bin\rc.exe /nologo /fo"Debug\EpisodeNameReplacer.exe.embed.manifest.res" Debug\EpisodeNameReplacer_manifest.rc 
LinkEmbedManifest:
  C:\Program Files\Microsoft Visual Studio 10.0\VC\bin\link.exe /ERRORREPORT:PROMPT /OUT:"C:\Users\Andre\documents\visual studio 2010\Projects\EpisodeNameReplacer\Debug\EpisodeNameReplacer.exe" /INCREMENTAL /NOLOGO /MANIFEST /ManifestFile:"Debug\EpisodeNameReplacer.exe.intermediate.manifest" /MANIFESTUAC:"level='asInvoker' uiAccess='false'" /DEBUG /PDB:"C:\Users\Andre\documents\visual studio 2010\Projects\EpisodeNameReplacer\Debug\EpisodeNameReplacer.pdb" /SUBSYSTEM:WINDOWS /TLBID:1 /ENTRY:"wWinMainCRTStartup" /DYNAMICBASE /NXCOMPAT /IMPLIB:"C:\Users\Andre\documents\visual studio 2010\Projects\EpisodeNameReplacer\Debug\EpisodeNameReplacer.lib" /MACHINE:X86 Debug\EpisodeNameReplacer.res
  Debug\EpisodeNameReplacer.obj
  Debug\EpisodeNameReplacerDlg.obj
  Debug\stdafx.obj
  Debug\XMLParser.obj
  Debug\EpisodeNameReplacer.exe.embed.manifest.res
  EpisodeNameReplacer.vcxproj -> C:\Users\Andre\documents\visual studio 2010\Projects\EpisodeNameReplacer\Debug\EpisodeNameReplacer.exe
_AfterBuild:
  Deleting file "Debug\EpisodeNameReplacer.unsuccessfulbuild".
  Touching "Debug\EpisodeNameReplacer.lastbuildstate".
Done Building Project "C:\Users\Andre\documents\visual studio 2010\Projects\EpisodeNameReplacer\EpisodeNameReplacer\EpisodeNameReplacer.vcxproj" (build target(s)).

Build succeeded.

Time Elapsed 00:00:02.79
